<?xml version="1.0" encoding="UTF-8"?>
<!-- Generated by org.testng.reporters.JUnitReportReporter -->
<testsuite hostname="Sumedh-Kp-C02F8051MD6M.local" failures="0" tests="1" name="base.BaseClass" time="102.517" errors="1" timestamp="2024-07-02T11:41:34 IST" skipped="0">
  <testcase classname="base.BaseClass" name="sampleTest" time="102.517">
    <error message="An element could not be located on the page using the given search parameters. (WARNING: The server did not provide any stacktrace information)
Command duration or timeout: 20.62 seconds
For documentation on this error, please visit: http://seleniumhq.org/exceptions/no_such_element.html
Build info: version: &#039;2.42.2&#039;, revision: &#039;6a6995d31c7c56c340d6f45a76976d43506cd6cc&#039;, time: &#039;2014-06-03 10:52:47&#039;
System info: host: &#039;Sumedh-Kp-C02F8051MD6M.local&#039;, ip: &#039;192.168.10.72&#039;, os.name: &#039;Mac OS X&#039;, os.arch: &#039;x86_64&#039;, os.version: &#039;14.5&#039;, java.version: &#039;22.0.1&#039;
Driver info: io.appium.java_client.AppiumDriver
Capabilities [{appPackage=in.juspay.nammayatripartner.debug, statBarHeight=66, viewportRect={top=66, left=0, width=1080, height=2088}, deviceName=emulator-5554, fullReset=true, platform=LINUX, deviceUDID=emulator-5554, desired={app=/Users/sumedh.kp/eclipse-workspace/NammaYatriAutomation/movingTech.NY/Resources/app-nyDriver-prod-debug.apk, platformVersion=14, automationName=UiAutomator2, platformName=Android, udid=emulator-5554, deviceName=sdk_gphone64_x86_64, fullReset=true}, platformVersion=14, webStorageEnabled=false, automationName=UiAutomator2, takesScreenshot=true, javascriptEnabled=true, platformName=Android, udid=emulator-5554, deviceApiLevel=34, deviceManufacturer=Google, app=/Users/sumedh.kp/eclipse-workspace/NammaYatriAutomation/movingTech.NY/Resources/app-nyDriver-prod-debug.apk, deviceScreenSize=1080x2220, networkConnectionEnabled=true, warnings={}, databaseEnabled=false, pixelRatio=2.75, locationContextEnabled=false, deviceScreenDensity=440, deviceModel=sdk_gphone64_x86_64}]
Session ID: 1f08b8fb-e5f2-4cb8-9b73-136173b31f5b" type="org.openqa.selenium.NoSuchElementException">
      <![CDATA[org.openqa.selenium.NoSuchElementException: An element could not be located on the page using the given search parameters. (WARNING: The server did not provide any stacktrace information)
Command duration or timeout: 20.62 seconds
For documentation on this error, please visit: http://seleniumhq.org/exceptions/no_such_element.html
Build info: version: '2.42.2', revision: '6a6995d31c7c56c340d6f45a76976d43506cd6cc', time: '2014-06-03 10:52:47'
System info: host: 'Sumedh-Kp-C02F8051MD6M.local', ip: '192.168.10.72', os.name: 'Mac OS X', os.arch: 'x86_64', os.version: '14.5', java.version: '22.0.1'
Driver info: io.appium.java_client.AppiumDriver
Capabilities [{appPackage=in.juspay.nammayatripartner.debug, statBarHeight=66, viewportRect={top=66, left=0, width=1080, height=2088}, deviceName=emulator-5554, fullReset=true, platform=LINUX, deviceUDID=emulator-5554, desired={app=/Users/sumedh.kp/eclipse-workspace/NammaYatriAutomation/movingTech.NY/Resources/app-nyDriver-prod-debug.apk, platformVersion=14, automationName=UiAutomator2, platformName=Android, udid=emulator-5554, deviceName=sdk_gphone64_x86_64, fullReset=true}, platformVersion=14, webStorageEnabled=false, automationName=UiAutomator2, takesScreenshot=true, javascriptEnabled=true, platformName=Android, udid=emulator-5554, deviceApiLevel=34, deviceManufacturer=Google, app=/Users/sumedh.kp/eclipse-workspace/NammaYatriAutomation/movingTech.NY/Resources/app-nyDriver-prod-debug.apk, deviceScreenSize=1080x2220, networkConnectionEnabled=true, warnings={}, databaseEnabled=false, pixelRatio=2.75, locationContextEnabled=false, deviceScreenDensity=440, deviceModel=sdk_gphone64_x86_64}]
Session ID: 1f08b8fb-e5f2-4cb8-9b73-136173b31f5b
at java.base/jdk.internal.reflect.DirectConstructorHandleAccessor.newInstance(DirectConstructorHandleAccessor.java:62)
at java.base/java.lang.reflect.Constructor.newInstanceWithCaller(Constructor.java:502)
at java.base/java.lang.reflect.Constructor.newInstance(Constructor.java:486)
at org.openqa.selenium.remote.ErrorHandler.createThrowable(ErrorHandler.java:204)
at org.openqa.selenium.remote.ErrorHandler.throwIfResponseFailed(ErrorHandler.java:156)
at org.openqa.selenium.remote.RemoteWebDriver.execute(RemoteWebDriver.java:599)
at io.appium.java_client.AppiumDriver.execute(AppiumDriver.java:88)
at org.openqa.selenium.remote.RemoteWebDriver.findElement(RemoteWebDriver.java:352)
at org.openqa.selenium.remote.RemoteWebDriver.findElementByXPath(RemoteWebDriver.java:449)
at org.openqa.selenium.By$ByXPath.findElement(By.java:357)
at org.openqa.selenium.remote.RemoteWebDriver.findElement(RemoteWebDriver.java:344)
at Driver.driverLoginFlow.successfulDriverLogin(driverLoginFlow.java:76)
at base.BaseClass.sampleTest(BaseClass.java:55)
at java.base/jdk.internal.reflect.DirectMethodHandleAccessor.invoke(DirectMethodHandleAccessor.java:103)
at java.base/java.lang.reflect.Method.invoke(Method.java:580)
at org.testng.internal.MethodInvocationHelper.invokeMethod(MethodInvocationHelper.java:133)
at org.testng.internal.TestInvoker.invokeMethod(TestInvoker.java:598)
at org.testng.internal.TestInvoker.invokeTestMethod(TestInvoker.java:173)
at org.testng.internal.MethodRunner.runInSequence(MethodRunner.java:46)
at org.testng.internal.TestInvoker$MethodInvocationAgent.invoke(TestInvoker.java:824)
at org.testng.internal.TestInvoker.invokeTestMethods(TestInvoker.java:146)
at org.testng.internal.TestMethodWorker.invokeTestMethods(TestMethodWorker.java:146)
at org.testng.internal.TestMethodWorker.run(TestMethodWorker.java:128)
at java.base/java.util.ArrayList.forEach(ArrayList.java:1597)
at org.testng.TestRunner.privateRun(TestRunner.java:794)
at org.testng.TestRunner.run(TestRunner.java:596)
at org.testng.SuiteRunner.runTest(SuiteRunner.java:377)
at org.testng.SuiteRunner.runSequentially(SuiteRunner.java:371)
at org.testng.SuiteRunner.privateRun(SuiteRunner.java:332)
at org.testng.SuiteRunner.run(SuiteRunner.java:276)
at org.testng.SuiteRunnerWorker.runSuite(SuiteRunnerWorker.java:53)
at org.testng.SuiteRunnerWorker.run(SuiteRunnerWorker.java:96)
at org.testng.TestNG.runSuitesSequentially(TestNG.java:1212)
at org.testng.TestNG.runSuitesLocally(TestNG.java:1134)
at org.testng.TestNG.runSuites(TestNG.java:1063)
at org.testng.TestNG.run(TestNG.java:1031)
at org.testng.remote.AbstractRemoteTestNG.run(AbstractRemoteTestNG.java:115)
at org.testng.remote.RemoteTestNG.initAndRun(RemoteTestNG.java:293)
at org.testng.remote.RemoteTestNG.main(RemoteTestNG.java:91)
]]>
    </error>
  </testcase> <!-- sampleTest -->
  <system-out/>
</testsuite> <!-- base.BaseClass -->
